<?xml version="1.0" encoding="UTF-8"?>
<!-- Generated by org.testng.reporters.JUnitXMLReporter -->
<testsuite ignored="0" hostname="ABHIJEET" failures="0" tests="3" name="Default test" time="47.378" errors="0" timestamp="2022-04-30T11:17:12 IST">
  <testcase classname="Test.LoginTestZerodha" name="forgotPassword" time="0.307"/>
  <testcase classname="Test.LoginTestZerodha" name="loginWithVaildCridentials" time="28.687"/>
  <testcase classname="Test.LoginTestZerodha" name="signUpPage" time="1.808"/>
</testsuite> <!-- Default test -->
