<?xml version="1.0" encoding="UTF-8"?>
<testng-results ignored="0" total="3" passed="3" failed="0" skipped="0">
  <reporter-output>
  </reporter-output>
  <suite started-at="2022-04-30T11:16:25 IST" name="Default suite" finished-at="2022-04-30T11:17:12 IST" duration-ms="47378">
    <groups>
    </groups>
    <test started-at="2022-04-30T11:16:25 IST" name="Default test" finished-at="2022-04-30T11:17:12 IST" duration-ms="47378">
      <class name="Test.LoginTestZerodha">
        <test-method is-config="true" signature="openbrowser()[pri:0, instance:Test.LoginTestZerodha@383bfa16]" started-at="2022-04-30T11:16:25 IST" name="openbrowser" finished-at="2022-04-30T11:16:32 IST" duration-ms="6626" status="PASS">
          <reporter-output>
          </reporter-output>
        </test-method> <!-- openbrowser -->
        <test-method signature="forgotPassword()[pri:0, instance:Test.LoginTestZerodha@383bfa16]" started-at="2022-04-30T11:16:32 IST" name="forgotPassword" finished-at="2022-04-30T11:16:32 IST" duration-ms="307" status="PASS">
          <reporter-output>
          </reporter-output>
        </test-method> <!-- forgotPassword -->
        <test-method is-config="true" signature="openbrowser()[pri:0, instance:Test.LoginTestZerodha@383bfa16]" started-at="2022-04-30T11:16:32 IST" name="openbrowser" finished-at="2022-04-30T11:16:37 IST" duration-ms="5307" status="PASS">
          <reporter-output>
          </reporter-output>
        </test-method> <!-- openbrowser -->
        <test-method signature="loginWithVaildCridentials()[pri:0, instance:Test.LoginTestZerodha@383bfa16]" started-at="2022-04-30T11:16:37 IST" name="loginWithVaildCridentials" finished-at="2022-04-30T11:17:06 IST" duration-ms="28687" status="PASS">
          <reporter-output>
          </reporter-output>
        </test-method> <!-- loginWithVaildCridentials -->
        <test-method is-config="true" signature="openbrowser()[pri:0, instance:Test.LoginTestZerodha@383bfa16]" started-at="2022-04-30T11:17:06 IST" name="openbrowser" finished-at="2022-04-30T11:17:11 IST" duration-ms="4578" status="PASS">
          <reporter-output>
          </reporter-output>
        </test-method> <!-- openbrowser -->
        <test-method signature="signUpPage()[pri:0, instance:Test.LoginTestZerodha@383bfa16]" started-at="2022-04-30T11:17:11 IST" name="signUpPage" finished-at="2022-04-30T11:17:12 IST" duration-ms="1808" status="PASS">
          <reporter-output>
          </reporter-output>
        </test-method> <!-- signUpPage -->
      </class> <!-- Test.LoginTestZerodha -->
    </test> <!-- Default test -->
  </suite> <!-- Default suite -->
</testng-results>
